# JRE version: 7.0_15-b03
# Java VM: Java HotSpot(TM) 64-Bit Server VM (23.7-b01 mixed mode windows-amd64 )
Heap
 PSYoungGen      total 6976K, used 5982K [0x00000033444e0000, 0x0000003344c10000, 0x0000004c444e0000)
  eden space 6720K, 86% used [0x00000033444e0000,0x0000003344a8f830,0x0000003344b70000)
  from space 256K, 62% used [0x0000003344bd0000,0x0000003344bf8000,0x0000003344c10000)
  to   space 320K, 0% used [0x0000003344b70000,0x0000003344b70000,0x0000003344bc0000)
 ParOldGen       total 53568K, used 46711K [0x00000001444e0000, 0x0000000147930000, 0x00000033444e0000)
  object space 53568K, 87% used [0x00000001444e0000,0x000000014727de88,0x0000000147930000)
 PSPermGen       total 31168K, used 15307K [0x000000013f2e0000, 0x0000000141150000, 0x00000001444e0000)
  object space 31168K, 49% used [0x000000013f2e0000,0x00000001401d2d20,0x0000000141150000)
GC Heap History (10 events):
Event: 135532.734 GC heap before
{Heap before GC invocations=2565 (full 1):
 PSYoungGen      total 7104K, used 6848K [0x00000033444e0000, 0x0000003344c30000, 0x0000004c444e0000)
  eden space 6720K, 100% used [0x00000033444e0000,0x0000003344b70000,0x0000003344b70000)
  from space 384K, 33% used [0x0000003344b70000,0x0000003344b90000,0x0000003344bd0000)
  to   space 384K, 0% used [0x0000003344bd0000,0x0000003344bd0000,0x0000003344c30000)
 ParOldGen       total 45632K, used 38664K [0x00000001444e0000, 0x0000000147170000, 0x00000033444e0000)
  object space 45632K, 84% used [0x00000001444e0000,0x0000000146aa2070,0x0000000147170000)
 PSPermGen       total 31168K, used 15306K [0x000000013f2e0000, 0x0000000141150000, 0x00000001444e0000)
  object space 31168K, 49% used [0x000000013f2e0000,0x00000001401d2b48,0x0000000141150000)
Event: 135532.763 GC heap after
Heap after GC invocations=2565 (full 1):
 PSYoungGen      total 7104K, used 224K [0x00000033444e0000, 0x0000003344c30000, 0x0000004c444e0000)
  eden space 6720K, 0% used [0x00000033444e0000,0x00000033444e0000,0x0000003344b70000)
  from space 384K, 58% used [0x0000003344bd0000,0x0000003344c08000,0x0000003344c30000)
  to   space 384K, 0% used [0x0000003344b70000,0x0000003344b70000,0x0000003344bd0000)
 ParOldGen       total 45632K, used 38696K [0x00000001444e0000, 0x0000000147170000, 0x00000033444e0000)
  object space 45632K, 84% used [0x00000001444e0000,0x0000000146aaa070,0x0000000147170000)
 PSPermGen       total 31168K, used 15306K [0x000000013f2e0000, 0x0000000141150000, 0x00000001444e0000)
  object space 31168K, 49% used [0x000000013f2e0000,0x00000001401d2b48,0x0000000141150000)
}
Event: 135575.506 GC heap before
{Heap before GC invocations=2566 (full 1):
 PSYoungGen      total 7104K, used 6944K [0x00000033444e0000, 0x0000003344c30000, 0x0000004c444e0000)
  eden space 6720K, 100% used [0x00000033444e0000,0x0000003344b70000,0x0000003344b70000)
  from space 384K, 58% used [0x0000003344bd0000,0x0000003344c08000,0x0000003344c30000)
  to   space 384K, 0% used [0x0000003344b70000,0x0000003344b70000,0x0000003344bd0000)
 ParOldGen       total 45632K, used 38696K [0x00000001444e0000, 0x0000000147170000, 0x00000033444e0000)
  object space 45632K, 84% used [0x00000001444e0000,0x0000000146aaa070,0x0000000147170000)
 PSPermGen       total 31168K, used 15306K [0x000000013f2e0000, 0x0000000141150000, 0x00000001444e0000)
  object space 31168K, 49% used [0x000000013f2e0000,0x00000001401d2b48,0x0000000141150000)
Event: 135575.522 GC heap after
Heap after GC invocations=2566 (full 1):
 PSYoungGen      total 7104K, used 128K [0x00000033444e0000, 0x0000003344c30000, 0x0000004c444e0000)
  eden space 6720K, 0% used [0x00000033444e0000,0x00000033444e0000,0x0000003344b70000)
  from space 384K, 33% used [0x0000003344b70000,0x0000003344b90000,0x0000003344bd0000)
  to   space 384K, 0% used [0x0000003344bd0000,0x0000003344bd0000,0x0000003344c30000)
 ParOldGen       total 45632K, used 38704K [0x00000001444e0000, 0x0000000147170000, 0x00000033444e0000)
  object space 45632K, 84% used [0x00000001444e0000,0x0000000146aac070,0x0000000147170000)
 PSPermGen       total 31168K, used 15306K [0x000000013f2e0000, 0x0000000141150000, 0x00000001444e0000)
  object space 31168K, 49% used [0x000000013f2e0000,0x00000001401d2b48,0x0000000141150000)
}
Event: 135616.453 GC heap before
{Heap before GC invocations=2567 (full 1):
 PSYoungGen      total 7104K, used 6848K [0x00000033444e0000, 0x0000003344c30000, 0x0000004c444e0000)
  eden space 6720K, 100% used [0x00000033444e0000,0x0000003344b70000,0x0000003344b70000)
  from space 384K, 33% used [0x0000003344b70000,0x0000003344b90000,0x0000003344bd0000)
  to   space 384K, 0% used [0x0000003344bd0000,0x0000003344bd0000,0x0000003344c30000)
 ParOldGen       total 45632K, used 38704K [0x00000001444e0000, 0x0000000147170000, 0x00000033444e0000)
  object space 45632K, 84% used [0x00000001444e0000,0x0000000146aac070,0x0000000147170000)
 PSPermGen       total 31168K, used 15306K [0x000000013f2e0000, 0x0000000141150000, 0x00000001444e0000)
  object space 31168K, 49% used [0x000000013f2e0000,0x00000001401d2b48,0x0000000141150000)
Event: 135616.463 GC heap after
Heap after GC invocations=2567 (full 1):
 PSYoungGen      total 7104K, used 224K [0x00000033444e0000, 0x0000003344c30000, 0x0000004c444e0000)
  eden space 6720K, 0% used [0x00000033444e0000,0x00000033444e0000,0x0000003344b70000)
  from space 384K, 58% used [0x0000003344bd0000,0x0000003344c08000,0x0000003344c30000)
  to   space 384K, 0% used [0x0000003344b70000,0x0000003344b70000,0x0000003344bd0000)
 ParOldGen       total 45632K, used 38736K [0x00000001444e0000, 0x0000000147170000, 0x00000033444e0000)
  object space 45632K, 84% used [0x00000001444e0000,0x0000000146ab4070,0x0000000147170000)
 PSPermGen       total 31168K, used 15306K [0x000000013f2e0000, 0x0000000141150000, 0x00000001444e0000)
  object space 31168K, 49% used [0x000000013f2e0000,0x00000001401d2b48,0x0000000141150000)
}
Event: 135655.008 GC heap before
{Heap before GC invocations=2568 (full 1):
 PSYoungGen      total 7104K, used 6944K [0x00000033444e0000, 0x0000003344c30000, 0x0000004c444e0000)
  eden space 6720K, 100% used [0x00000033444e0000,0x0000003344b70000,0x0000003344b70000)
  from space 384K, 58% used [0x0000003344bd0000,0x0000003344c08000,0x0000003344c30000)
  to   space 384K, 0% used [0x0000003344b70000,0x0000003344b70000,0x0000003344bd0000)
 ParOldGen       total 45632K, used 38736K [0x00000001444e0000, 0x0000000147170000, 0x00000033444e0000)
  object space 45632K, 84% used [0x00000001444e0000,0x0000000146ab4070,0x0000000147170000)
 PSPermGen       total 31168K, used 15306K [0x000000013f2e0000, 0x0000000141150000, 0x00000001444e0000)
  object space 31168K, 49% used [0x000000013f2e0000,0x00000001401d2b48,0x0000000141150000)
Event: 135655.026 GC heap after
Heap after GC invocations=2568 (full 1):
 PSYoungGen      total 7104K, used 224K [0x00000033444e0000, 0x0000003344c30000, 0x0000004c444e0000)
  eden space 6720K, 0% used [0x00000033444e0000,0x00000033444e0000,0x0000003344b70000)
  from space 384K, 58% used [0x0000003344b70000,0x0000003344ba8000,0x0000003344bd0000)
  to   space 384K, 0% used [0x0000003344bd0000,0x0000003344bd0000,0x0000003344c30000)
 ParOldGen       total 45632K, used 38776K [0x00000001444e0000, 0x0000000147170000, 0x00000033444e0000)
  object space 45632K, 84% used [0x00000001444e0000,0x0000000146abe070,0x0000000147170000)
 PSPermGen       total 31168K, used 15306K [0x000000013f2e0000, 0x0000000141150000, 0x00000001444e0000)
  object space 31168K, 49% used [0x000000013f2e0000,0x00000001401d2b48,0x0000000141150000)
}
Event: 135693.756 GC heap before
{Heap before GC invocations=2569 (full 1):
 PSYoungGen      total 7104K, used 6944K [0x00000033444e0000, 0x0000003344c30000, 0x0000004c444e0000)
  eden space 6720K, 100% used [0x00000033444e0000,0x0000003344b70000,0x0000003344b70000)
  from space 384K, 58% used [0x0000003344b70000,0x0000003344ba8000,0x0000003344bd0000)
  to   space 384K, 0% used [0x0000003344bd0000,0x0000003344bd0000,0x0000003344c30000)
 ParOldGen       total 45632K, used 38776K [0x00000001444e0000, 0x0000000147170000, 0x00000033444e0000)
  object space 45632K, 84% used [0x00000001444e0000,0x0000000146abe070,0x0000000147170000)
 PSPermGen       total 31168K, used 15306K [0x000000013f2e0000, 0x0000000141150000, 0x00000001444e0000)
  object space 31168K, 49% used [0x000000013f2e0000,0x00000001401d2b48,0x0000000141150000)
Event: 135693.775 GC heap after
Heap after GC invocations=2569 (full 1):
 PSYoungGen      total 6976K, used 160K [0x00000033444e0000, 0x0000003344c10000, 0x0000004c444e0000)
  eden space 6720K, 0% used [0x00000033444e0000,0x00000033444e0000,0x0000003344b70000)
  from space 256K, 62% used [0x0000003344bd0000,0x0000003344bf8000,0x0000003344c10000)
  to   space 320K, 0% used [0x0000003344b70000,0x0000003344b70000,0x0000003344bc0000)
 ParOldGen       total 45632K, used 38784K [0x00000001444e0000, 0x0000000147170000, 0x00000033444e0000)
  object space 45632K, 84% used [0x00000001444e0000,0x0000000146ac0070,0x0000000147170000)
 PSPermGen       total 31168K, used 15306K [0x000000013f2e0000, 0x0000000141150000, 0x00000001444e0000)
  object space 31168K, 49% used [0x000000013f2e0000,0x00000001401d2b48,0x0000000141150000)
}

